<?xml version="1.0" encoding="UTF-8"?>
<testng-results ignored="0" total="5" passed="5" failed="0" skipped="0">
  <reporter-output>
  </reporter-output>
  <suite started-at="2023-01-12T08:30:40 NPT" name="Default suite" finished-at="2023-01-12T08:31:08 NPT" duration-ms="28538">
    <groups>
    </groups>
    <test started-at="2023-01-12T08:30:40 NPT" name="Default test" finished-at="2023-01-12T08:31:08 NPT" duration-ms="28538">
      <class name="com.testng.selenium.v1.firsttestngfile">
        <test-method is-config="true" signature="launchBrowser()[pri:0, instance:com.testng.selenium.v1.firsttestngfile@6dc17b83]" started-at="2023-01-12T08:30:40 NPT" name="launchBrowser" finished-at="2023-01-12T08:30:46 NPT" duration-ms="6398" status="PASS">
          <reporter-output>
          </reporter-output>
        </test-method> <!-- launchBrowser -->
        <test-method signature="invalidEmptyLogin()[pri:0, instance:com.testng.selenium.v1.firsttestngfile@6dc17b83]" started-at="2023-01-12T08:30:46 NPT" name="invalidEmptyLogin" finished-at="2023-01-12T08:30:47 NPT" duration-ms="389" status="PASS">
          <reporter-output>
          </reporter-output>
        </test-method> <!-- invalidEmptyLogin -->
        <test-method is-config="true" signature="terminateBrowser()[pri:0, instance:com.testng.selenium.v1.firsttestngfile@6dc17b83]" started-at="2023-01-12T08:30:47 NPT" name="terminateBrowser" finished-at="2023-01-12T08:30:47 NPT" duration-ms="252" status="PASS">
          <reporter-output>
          </reporter-output>
        </test-method> <!-- terminateBrowser -->
        <test-method is-config="true" signature="launchBrowser()[pri:0, instance:com.testng.selenium.v1.firsttestngfile@6dc17b83]" started-at="2023-01-12T08:30:47 NPT" name="launchBrowser" finished-at="2023-01-12T08:30:50 NPT" duration-ms="3030" status="PASS">
          <reporter-output>
          </reporter-output>
        </test-method> <!-- launchBrowser -->
        <test-method signature="invalidPasswordLogin()[pri:0, instance:com.testng.selenium.v1.firsttestngfile@6dc17b83]" started-at="2023-01-12T08:30:50 NPT" name="invalidPasswordLogin" finished-at="2023-01-12T08:30:50 NPT" duration-ms="544" status="PASS">
          <reporter-output>
          </reporter-output>
        </test-method> <!-- invalidPasswordLogin -->
        <test-method is-config="true" signature="terminateBrowser()[pri:0, instance:com.testng.selenium.v1.firsttestngfile@6dc17b83]" started-at="2023-01-12T08:30:50 NPT" name="terminateBrowser" finished-at="2023-01-12T08:30:51 NPT" duration-ms="140" status="PASS">
          <reporter-output>
          </reporter-output>
        </test-method> <!-- terminateBrowser -->
        <test-method is-config="true" signature="launchBrowser()[pri:0, instance:com.testng.selenium.v1.firsttestngfile@6dc17b83]" started-at="2023-01-12T08:30:51 NPT" name="launchBrowser" finished-at="2023-01-12T08:30:54 NPT" duration-ms="3111" status="PASS">
          <reporter-output>
          </reporter-output>
        </test-method> <!-- launchBrowser -->
        <test-method signature="invalidUsernameLogin()[pri:0, instance:com.testng.selenium.v1.firsttestngfile@6dc17b83]" started-at="2023-01-12T08:30:54 NPT" name="invalidUsernameLogin" finished-at="2023-01-12T08:30:54 NPT" duration-ms="432" status="PASS">
          <reporter-output>
          </reporter-output>
        </test-method> <!-- invalidUsernameLogin -->
        <test-method is-config="true" signature="terminateBrowser()[pri:0, instance:com.testng.selenium.v1.firsttestngfile@6dc17b83]" started-at="2023-01-12T08:30:54 NPT" name="terminateBrowser" finished-at="2023-01-12T08:30:54 NPT" duration-ms="143" status="PASS">
          <reporter-output>
          </reporter-output>
        </test-method> <!-- terminateBrowser -->
        <test-method is-config="true" signature="launchBrowser()[pri:0, instance:com.testng.selenium.v1.firsttestngfile@6dc17b83]" started-at="2023-01-12T08:30:54 NPT" name="launchBrowser" finished-at="2023-01-12T08:30:59 NPT" duration-ms="4872" status="PASS">
          <reporter-output>
          </reporter-output>
        </test-method> <!-- launchBrowser -->
        <test-method signature="validLogin()[pri:0, instance:com.testng.selenium.v1.firsttestngfile@6dc17b83]" started-at="2023-01-12T08:30:59 NPT" name="validLogin" finished-at="2023-01-12T08:31:05 NPT" duration-ms="5661" status="PASS">
          <reporter-output>
          </reporter-output>
        </test-method> <!-- validLogin -->
        <test-method is-config="true" signature="terminateBrowser()[pri:0, instance:com.testng.selenium.v1.firsttestngfile@6dc17b83]" started-at="2023-01-12T08:31:05 NPT" name="terminateBrowser" finished-at="2023-01-12T08:31:05 NPT" duration-ms="159" status="PASS">
          <reporter-output>
          </reporter-output>
        </test-method> <!-- terminateBrowser -->
        <test-method is-config="true" signature="launchBrowser()[pri:0, instance:com.testng.selenium.v1.firsttestngfile@6dc17b83]" started-at="2023-01-12T08:31:05 NPT" name="launchBrowser" finished-at="2023-01-12T08:31:08 NPT" duration-ms="3071" status="PASS">
          <reporter-output>
          </reporter-output>
        </test-method> <!-- launchBrowser -->
        <test-method signature="verifyHomepageTitle()[pri:0, instance:com.testng.selenium.v1.firsttestngfile@6dc17b83]" started-at="2023-01-12T08:31:08 NPT" name="verifyHomepageTitle" finished-at="2023-01-12T08:31:08 NPT" duration-ms="31" status="PASS">
          <reporter-output>
          </reporter-output>
        </test-method> <!-- verifyHomepageTitle -->
        <test-method is-config="true" signature="terminateBrowser()[pri:0, instance:com.testng.selenium.v1.firsttestngfile@6dc17b83]" started-at="2023-01-12T08:31:08 NPT" name="terminateBrowser" finished-at="2023-01-12T08:31:08 NPT" duration-ms="217" status="PASS">
          <reporter-output>
          </reporter-output>
        </test-method> <!-- terminateBrowser -->
      </class> <!-- com.testng.selenium.v1.firsttestngfile -->
    </test> <!-- Default test -->
  </suite> <!-- Default suite -->
</testng-results>
