<?xml version="1.0" encoding="UTF-8"?>
<testng-results ignored="0" total="3" passed="3" failed="0" skipped="0">
  <reporter-output>
  </reporter-output>
  <suite started-at="2023-01-09T16:45:11 NPT" name="Default suite" finished-at="2023-01-09T16:45:12 NPT" duration-ms="108">
    <groups>
    </groups>
    <test started-at="2023-01-09T16:45:11 NPT" name="Default test" finished-at="2023-01-09T16:45:12 NPT" duration-ms="108">
      <class name="com.testng.selenium.v1.magnetoTest">
        <test-method is-config="true" signature="setUp()[pri:0, instance:com.testng.selenium.v1.magnetoTest@6c64cb25]" started-at="2023-01-09T16:45:11 NPT" name="setUp" finished-at="2023-01-09T16:45:11 NPT" duration-ms="17" status="PASS">
          <reporter-output>
          </reporter-output>
        </test-method> <!-- setUp -->
        <test-method is-config="true" signature="launchBrowser()[pri:0, instance:com.testng.selenium.v1.magnetoTest@6c64cb25]" started-at="2023-01-09T16:45:11 NPT" name="launchBrowser" finished-at="2023-01-09T16:45:11 NPT" duration-ms="1" status="PASS">
          <reporter-output>
          </reporter-output>
        </test-method> <!-- launchBrowser -->
        <test-method is-config="true" signature="login()[pri:0, instance:com.testng.selenium.v1.magnetoTest@6c64cb25]" started-at="2023-01-09T16:45:11 NPT" name="login" finished-at="2023-01-09T16:45:11 NPT" duration-ms="0" status="PASS">
          <reporter-output>
          </reporter-output>
        </test-method> <!-- login -->
        <test-method is-config="true" signature="enterURL()[pri:0, instance:com.testng.selenium.v1.magnetoTest@6c64cb25]" started-at="2023-01-09T16:45:11 NPT" name="enterURL" finished-at="2023-01-09T16:45:11 NPT" duration-ms="1" status="PASS">
          <reporter-output>
          </reporter-output>
        </test-method> <!-- enterURL -->
        <test-method signature="logoTest()[pri:0, instance:com.testng.selenium.v1.magnetoTest@6c64cb25]" started-at="2023-01-09T16:45:11 NPT" name="logoTest" finished-at="2023-01-09T16:45:11 NPT" duration-ms="19" status="PASS">
          <reporter-output>
          </reporter-output>
        </test-method> <!-- logoTest -->
        <test-method is-config="true" signature="logOut()[pri:0, instance:com.testng.selenium.v1.magnetoTest@6c64cb25]" started-at="2023-01-09T16:45:12 NPT" name="logOut" finished-at="2023-01-09T16:45:12 NPT" duration-ms="1" status="PASS">
          <reporter-output>
          </reporter-output>
        </test-method> <!-- logOut -->
        <test-method is-config="true" signature="enterURL()[pri:0, instance:com.testng.selenium.v1.magnetoTest@6c64cb25]" started-at="2023-01-09T16:45:12 NPT" name="enterURL" finished-at="2023-01-09T16:45:12 NPT" duration-ms="1" status="PASS">
          <reporter-output>
          </reporter-output>
        </test-method> <!-- enterURL -->
        <test-method signature="searchTest()[pri:0, instance:com.testng.selenium.v1.magnetoTest@6c64cb25]" started-at="2023-01-09T16:45:12 NPT" name="searchTest" finished-at="2023-01-09T16:45:12 NPT" duration-ms="3" status="PASS">
          <reporter-output>
          </reporter-output>
        </test-method> <!-- searchTest -->
        <test-method is-config="true" signature="logOut()[pri:0, instance:com.testng.selenium.v1.magnetoTest@6c64cb25]" started-at="2023-01-09T16:45:12 NPT" name="logOut" finished-at="2023-01-09T16:45:12 NPT" duration-ms="1" status="PASS">
          <reporter-output>
          </reporter-output>
        </test-method> <!-- logOut -->
        <test-method is-config="true" signature="enterURL()[pri:0, instance:com.testng.selenium.v1.magnetoTest@6c64cb25]" started-at="2023-01-09T16:45:12 NPT" name="enterURL" finished-at="2023-01-09T16:45:12 NPT" duration-ms="1" status="PASS">
          <reporter-output>
          </reporter-output>
        </test-method> <!-- enterURL -->
        <test-method signature="titleTest()[pri:0, instance:com.testng.selenium.v1.magnetoTest@6c64cb25]" started-at="2023-01-09T16:45:12 NPT" name="titleTest" finished-at="2023-01-09T16:45:12 NPT" duration-ms="2" status="PASS">
          <reporter-output>
          </reporter-output>
        </test-method> <!-- titleTest -->
        <test-method is-config="true" signature="logOut()[pri:0, instance:com.testng.selenium.v1.magnetoTest@6c64cb25]" started-at="2023-01-09T16:45:12 NPT" name="logOut" finished-at="2023-01-09T16:45:12 NPT" duration-ms="1" status="PASS">
          <reporter-output>
          </reporter-output>
        </test-method> <!-- logOut -->
        <test-method is-config="true" signature="closeBrowser()[pri:0, instance:com.testng.selenium.v1.magnetoTest@6c64cb25]" started-at="2023-01-09T16:45:12 NPT" name="closeBrowser" finished-at="2023-01-09T16:45:12 NPT" duration-ms="2" status="PASS">
          <reporter-output>
          </reporter-output>
        </test-method> <!-- closeBrowser -->
        <test-method is-config="true" signature="deleteAllCookies()[pri:0, instance:com.testng.selenium.v1.magnetoTest@6c64cb25]" started-at="2023-01-09T16:45:12 NPT" name="deleteAllCookies" finished-at="2023-01-09T16:45:12 NPT" duration-ms="0" status="PASS">
          <reporter-output>
          </reporter-output>
        </test-method> <!-- deleteAllCookies -->
      </class> <!-- com.testng.selenium.v1.magnetoTest -->
    </test> <!-- Default test -->
  </suite> <!-- Default suite -->
</testng-results>
