<?xml version="1.0" encoding="UTF-8"?>
<!-- Generated by org.testng.reporters.JUnitXMLReporter -->
<testsuite ignored="0" hostname="LAPTOP-269MHU9G" failures="0" tests="5" name="Default test" time="28.538" errors="0" timestamp="2023-01-12T08:31:08 NPT">
  <testcase classname="com.testng.selenium.v1.firsttestngfile" name="invalidEmptyLogin" time="0.389"/>
  <testcase classname="com.testng.selenium.v1.firsttestngfile" name="invalidPasswordLogin" time="0.544"/>
  <testcase classname="com.testng.selenium.v1.firsttestngfile" name="invalidUsernameLogin" time="0.432"/>
  <testcase classname="com.testng.selenium.v1.firsttestngfile" name="validLogin" time="5.661"/>
  <testcase classname="com.testng.selenium.v1.firsttestngfile" name="verifyHomepageTitle" time="0.031"/>
</testsuite> <!-- Default test -->
