<?xml version="1.0" encoding="UTF-8"?>
<!-- Generated by org.testng.reporters.JUnitXMLReporter -->
<testsuite ignored="0" hostname="LAPTOP-269MHU9G" failures="0" tests="5" name="Default test" time="22.791" errors="0" timestamp="2023-01-10T13:18:30 NPT">
  <testcase classname="com.testng.selenium.v1.firsttestngfile" name="invalidEmptyLogin" time="0.64"/>
  <testcase classname="com.testng.selenium.v1.firsttestngfile" name="invalidPasswordLogin" time="0.39"/>
  <testcase classname="com.testng.selenium.v1.firsttestngfile" name="invalidUsernameLogin" time="0.754"/>
  <testcase classname="com.testng.selenium.v1.firsttestngfile" name="validLogin" time="1.17"/>
  <testcase classname="com.testng.selenium.v1.firsttestngfile" name="verifyHomepageTitle" time="0.035"/>
</testsuite> <!-- Default test -->
